<?xml version="1.0" encoding="UTF-8"?>
<testsuite xmlns:xsi="http://www.w3.org/2001/XMLSchema-instance" xsi:noNamespaceSchemaLocation="https://maven.apache.org/surefire/maven-surefire-plugin/xsd/surefire-test-report-3.0.xsd" version="3.0" name="com.shermatov.customer.CustomerJPADataAccessServiceTest" time="0.182" tests="8" errors="0" skipped="0" failures="0">
  <properties>
[...]
</properties>
  <testcase name="existsPersonWithId" classname="com.shermatov.customer.CustomerJPADataAccessServiceTest" time="0.17"/>
  <testcase name="selectCustomersById" classname="com.shermatov.customer.CustomerJPADataAccessServiceTest" time="0.003"/>
  <testcase name="selectAllCustomers" classname="com.shermatov.customer.CustomerJPADataAccessServiceTest" time="0.001"/>
  <testcase name="deleteCustomerById" classname="com.shermatov.customer.CustomerJPADataAccessServiceTest" time="0.001"/>
  <testcase name="existsPersonWithAge" classname="com.shermatov.customer.CustomerJPADataAccessServiceTest" time="0.001"/>
  <testcase name="existsPersonWithEmail" classname="com.shermatov.customer.CustomerJPADataAccessServiceTest" time="0.001"/>
  <testcase name="updateCustomer" classname="com.shermatov.customer.CustomerJPADataAccessServiceTest" time="0.001"/>
  <testcase name="insertCustomer" classname="com.shermatov.customer.CustomerJPADataAccessServiceTest" time="0.001"/>
</testsuite>