<?xml version="1.0" encoding="UTF-8"?>
<testsuite xmlns:xsi="http://www.w3.org/2001/XMLSchema-instance" xsi:noNamespaceSchemaLocation="https://maven.apache.org/surefire/maven-surefire-plugin/xsd/surefire-test-report-3.0.xsd" version="3.0" name="com.shermatov.customer.CustomerJDBCDataAccessServiceTest" time="2.595" tests="15" errors="0" skipped="0" failures="0">
  <properties>
[...]
</properties>
  <testcase name="selectCustomersById" classname="com.shermatov.customer.CustomerJDBCDataAccessServiceTest" time="0.207">
    <system-out><![CDATA[19:01:07.002 [main] INFO tc.postgres:latest -- Creating container for image: postgres:latest
19:01:07.058 [main] INFO tc.postgres:latest -- Container postgres:latest is starting: ba2f3316f92d90039c4f5649db9734dd596d453ca0335ae1f5b611abe491eb50
19:01:08.430 [main] INFO tc.postgres:latest -- Container postgres:latest started in PT1.427856S
19:01:08.431 [main] INFO tc.postgres:latest -- Container is started (JDBC URL: jdbc:postgresql://localhost:52342/aibek-dao-unit-test?loggerLevel=OFF)
19:01:08.493 [main] INFO org.flywaydb.core.FlywayExecutor -- Database: jdbc:postgresql://localhost:52342/aibek-dao-unit-test (PostgreSQL 15.3)
19:01:08.534 [main] INFO org.flywaydb.core.internal.schemahistory.JdbcTableSchemaHistory -- Schema history table "public"."flyway_schema_history" does not exist yet
19:01:08.535 [main] INFO org.flywaydb.core.internal.command.DbValidate -- Successfully validated 2 migrations (execution time 00:00.032s)
19:01:08.546 [main] INFO org.flywaydb.core.internal.schemahistory.JdbcTableSchemaHistory -- Creating Schema History table "public"."flyway_schema_history" ...
19:01:08.572 [main] INFO org.flywaydb.core.internal.command.DbMigrate -- Current version of schema "public": << Empty Schema >>
19:01:08.576 [main] INFO org.flywaydb.core.internal.command.DbMigrate -- Migrating schema "public" to version "1 - Initial Setup"
19:01:08.589 [main] INFO org.flywaydb.core.internal.command.DbMigrate -- Migrating schema "public" to version "2 - Add Unique Constraint To Customer Email"
19:01:08.599 [main] INFO org.flywaydb.core.internal.command.DbMigrate -- Successfully applied 2 migrations to schema "public", now at version v2 (execution time 00:00.008s)
19:01:08.758 [main] INFO com.zaxxer.hikari.HikariDataSource -- HikariPool-1 - Starting...
19:01:08.779 [main] INFO com.zaxxer.hikari.pool.HikariPool -- HikariPool-1 - Added connection org.postgresql.jdbc.PgConnection@58b3eb1
19:01:08.779 [main] INFO com.zaxxer.hikari.HikariDataSource -- HikariPool-1 - Start completed.
dbcTemplate.update = 1
]]></system-out>
  </testcase>
  <testcase name="willReturnEmptyWhenSelectCustomersById" classname="com.shermatov.customer.CustomerJDBCDataAccessServiceTest" time="0.012">
    <system-out><![CDATA[19:01:08.812 [main] INFO com.zaxxer.hikari.HikariDataSource -- HikariPool-2 - Starting...
19:01:08.822 [main] INFO com.zaxxer.hikari.pool.HikariPool -- HikariPool-2 - Added connection org.postgresql.jdbc.PgConnection@38923cfe
19:01:08.822 [main] INFO com.zaxxer.hikari.HikariDataSource -- HikariPool-2 - Start completed.
]]></system-out>
  </testcase>
  <testcase name="selectAllCustomers" classname="com.shermatov.customer.CustomerJDBCDataAccessServiceTest" time="0.016">
    <system-out><![CDATA[19:01:08.825 [main] INFO com.zaxxer.hikari.HikariDataSource -- HikariPool-3 - Starting...
19:01:08.835 [main] INFO com.zaxxer.hikari.pool.HikariPool -- HikariPool-3 - Added connection org.postgresql.jdbc.PgConnection@52290e63
19:01:08.835 [main] INFO com.zaxxer.hikari.HikariDataSource -- HikariPool-3 - Start completed.
dbcTemplate.update = 1
]]></system-out>
  </testcase>
  <testcase name="willUpdateAllPropertiesCustomer" classname="com.shermatov.customer.CustomerJDBCDataAccessServiceTest" time="0.018">
    <system-out><![CDATA[19:01:08.843 [main] INFO com.zaxxer.hikari.HikariDataSource -- HikariPool-4 - Starting...
19:01:08.852 [main] INFO com.zaxxer.hikari.pool.HikariPool -- HikariPool-4 - Added connection org.postgresql.jdbc.PgConnection@774c5e5c
19:01:08.852 [main] INFO com.zaxxer.hikari.HikariDataSource -- HikariPool-4 - Start completed.
dbcTemplate.update = 1
update customer name result = 1
update customer age result = 1
update customer email result = 1
]]></system-out>
  </testcase>
  <testcase name="existsCustomerWithEmail" classname="com.shermatov.customer.CustomerJDBCDataAccessServiceTest" time="0.042">
    <system-out><![CDATA[19:01:08.862 [main] INFO com.zaxxer.hikari.HikariDataSource -- HikariPool-5 - Starting...
19:01:08.888 [main] INFO com.zaxxer.hikari.pool.HikariPool -- HikariPool-5 - Added connection org.postgresql.jdbc.PgConnection@6a878778
19:01:08.888 [main] INFO com.zaxxer.hikari.HikariDataSource -- HikariPool-5 - Start completed.
dbcTemplate.update = 1
]]></system-out>
  </testcase>
  <testcase name="deleteCustomerById" classname="com.shermatov.customer.CustomerJDBCDataAccessServiceTest" time="0.017">
    <system-out><![CDATA[19:01:08.903 [main] INFO com.zaxxer.hikari.HikariDataSource -- HikariPool-6 - Starting...
19:01:08.915 [main] INFO com.zaxxer.hikari.pool.HikariPool -- HikariPool-6 - Added connection org.postgresql.jdbc.PgConnection@54737322
19:01:08.916 [main] INFO com.zaxxer.hikari.HikariDataSource -- HikariPool-6 - Start completed.
dbcTemplate.update = 1
deleteCustomerById result = 1
]]></system-out>
  </testcase>
  <testcase name="existsPersonWithIdWillReturnFalseWhenIdNotPresent" classname="com.shermatov.customer.CustomerJDBCDataAccessServiceTest" time="0.018">
    <system-out><![CDATA[19:01:08.920 [main] INFO com.zaxxer.hikari.HikariDataSource -- HikariPool-7 - Starting...
19:01:08.935 [main] INFO com.zaxxer.hikari.pool.HikariPool -- HikariPool-7 - Added connection org.postgresql.jdbc.PgConnection@3c62be3c
19:01:08.936 [main] INFO com.zaxxer.hikari.HikariDataSource -- HikariPool-7 - Start completed.
]]></system-out>
  </testcase>
  <testcase name="updateCustomerName" classname="com.shermatov.customer.CustomerJDBCDataAccessServiceTest" time="0.032">
    <system-out><![CDATA[19:01:08.938 [main] INFO com.zaxxer.hikari.HikariDataSource -- HikariPool-8 - Starting...
19:01:08.954 [main] INFO com.zaxxer.hikari.pool.HikariPool -- HikariPool-8 - Added connection org.postgresql.jdbc.PgConnection@4feec184
19:01:08.955 [main] INFO com.zaxxer.hikari.HikariDataSource -- HikariPool-8 - Start completed.
dbcTemplate.update = 1
update customer name result = 1
]]></system-out>
  </testcase>
  <testcase name="existsPersonWithAge" classname="com.shermatov.customer.CustomerJDBCDataAccessServiceTest" time="0.033">
    <system-out><![CDATA[19:01:08.972 [main] INFO com.zaxxer.hikari.HikariDataSource -- HikariPool-9 - Starting...
19:01:08.997 [main] INFO com.zaxxer.hikari.pool.HikariPool -- HikariPool-9 - Added connection org.postgresql.jdbc.PgConnection@499c4d61
19:01:08.998 [main] INFO com.zaxxer.hikari.HikariDataSource -- HikariPool-9 - Start completed.
dbcTemplate.update = 1
]]></system-out>
  </testcase>
  <testcase name="willNotUpdateWhenNothingToUpdate" classname="com.shermatov.customer.CustomerJDBCDataAccessServiceTest" time="0.053">
    <system-out><![CDATA[19:01:09.006 [main] INFO com.zaxxer.hikari.HikariDataSource -- HikariPool-10 - Starting...
19:01:09.052 [main] INFO com.zaxxer.hikari.pool.HikariPool -- HikariPool-10 - Added connection org.postgresql.jdbc.PgConnection@66dd04e2
19:01:09.052 [main] INFO com.zaxxer.hikari.HikariDataSource -- HikariPool-10 - Start completed.
dbcTemplate.update = 1
]]></system-out>
  </testcase>
  <testcase name="updateCustomerAge" classname="com.shermatov.customer.CustomerJDBCDataAccessServiceTest" time="0.063">
    <system-out><![CDATA[19:01:09.067 [main] INFO com.zaxxer.hikari.HikariDataSource -- HikariPool-11 - Starting...
19:01:09.103 [main] INFO com.zaxxer.hikari.pool.HikariPool -- HikariPool-11 - Added connection org.postgresql.jdbc.PgConnection@2d2f09a4
19:01:09.103 [main] INFO com.zaxxer.hikari.HikariDataSource -- HikariPool-11 - Start completed.
dbcTemplate.update = 1
update customer age result = 1
]]></system-out>
  </testcase>
  <testcase name="updateCustomer" classname="com.shermatov.customer.CustomerJDBCDataAccessServiceTest" time="0.002"/>
  <testcase name="insertCustomer" classname="com.shermatov.customer.CustomerJDBCDataAccessServiceTest" time="0.007"/>
  <testcase name="existsCustomerWithId" classname="com.shermatov.customer.CustomerJDBCDataAccessServiceTest" time="0.06">
    <system-out><![CDATA[19:01:09.137 [main] INFO com.zaxxer.hikari.HikariDataSource -- HikariPool-12 - Starting...
19:01:09.176 [main] INFO com.zaxxer.hikari.pool.HikariPool -- HikariPool-12 - Added connection org.postgresql.jdbc.PgConnection@614cbec4
19:01:09.176 [main] INFO com.zaxxer.hikari.HikariDataSource -- HikariPool-12 - Start completed.
dbcTemplate.update = 1
]]></system-out>
  </testcase>
  <testcase name="updateCustomerEmail" classname="com.shermatov.customer.CustomerJDBCDataAccessServiceTest" time="0.039">
    <system-out><![CDATA[19:01:09.197 [main] INFO com.zaxxer.hikari.HikariDataSource -- HikariPool-13 - Starting...
19:01:09.225 [main] INFO com.zaxxer.hikari.pool.HikariPool -- HikariPool-13 - Added connection org.postgresql.jdbc.PgConnection@515c732d
19:01:09.225 [main] INFO com.zaxxer.hikari.HikariDataSource -- HikariPool-13 - Start completed.
dbcTemplate.update = 1
update customer email result = 1
]]></system-out>
  </testcase>
</testsuite>