<?xml version="1.0" encoding="UTF-8"?>
<testsuite xmlns:xsi="http://www.w3.org/2001/XMLSchema-instance" xsi:noNamespaceSchemaLocation="https://maven.apache.org/surefire/maven-surefire-plugin/xsd/surefire-test-report-3.0.xsd" version="3.0" name="com.shermatov.customer.CustomerRepositoryTest" time="2.551" tests="6" errors="0" skipped="0" failures="0">
  <properties>
[...]
</properties>
  <testcase name="existsCustomerByAge" classname="com.shermatov.customer.CustomerRepositoryTest" time="0.068">
    <system-out><![CDATA[15:01:41.751 [main] INFO tc.postgres:latest -- Creating container for image: postgres:latest
15:01:41.772 [main] INFO tc.postgres:latest -- Container postgres:latest is starting: b0e9e1234d8480a4cbef02d1a0d46af2f0cd9305d0de3258d521a7b972f9dea6
15:01:42.552 [main] INFO tc.postgres:latest -- Container postgres:latest started in PT0.800429S
15:01:42.552 [main] INFO tc.postgres:latest -- Container is started (JDBC URL: jdbc:postgresql://localhost:63163/aibek-dao-unit-test?loggerLevel=OFF)
15:01:42.606 [main] INFO org.springframework.test.context.support.AnnotationConfigContextLoaderUtils -- Could not detect default configuration classes for test class [com.shermatov.customer.CustomerRepositoryTest]: CustomerRepositoryTest does not declare any static, non-private, non-final, nested classes annotated with @Configuration.
15:01:42.679 [main] INFO org.springframework.boot.test.context.SpringBootTestContextBootstrapper -- Found @SpringBootConfiguration com.shermatov.Main for test class com.shermatov.customer.CustomerRepositoryTest
15:01:42.706 [main] INFO org.flywaydb.core.FlywayExecutor -- Database: jdbc:postgresql://localhost:63163/aibek-dao-unit-test (PostgreSQL 17.0)
15:01:42.709 [main] WARN org.flywaydb.core.internal.database.base.Database -- Flyway upgrade recommended: PostgreSQL 17.0 is newer than this version of Flyway and support has not been tested. The latest supported version of PostgreSQL is 15.
15:01:42.713 [main] INFO org.flywaydb.core.internal.schemahistory.JdbcTableSchemaHistory -- Schema history table "public"."flyway_schema_history" does not exist yet
15:01:42.713 [main] INFO org.flywaydb.core.internal.command.DbValidate -- Successfully validated 2 migrations (execution time 00:00.002s)
15:01:42.719 [main] INFO org.flywaydb.core.internal.schemahistory.JdbcTableSchemaHistory -- Creating Schema History table "public"."flyway_schema_history" ...
15:01:42.734 [main] INFO org.flywaydb.core.internal.command.DbMigrate -- Current version of schema "public": << Empty Schema >>
15:01:42.736 [main] INFO org.flywaydb.core.internal.command.DbMigrate -- Migrating schema "public" to version "1 - Initial Setup"
15:01:42.747 [main] INFO org.flywaydb.core.internal.command.DbMigrate -- Migrating schema "public" to version "2 - Add Unique Constraint To Customer Email"
15:01:42.755 [main] INFO org.flywaydb.core.internal.command.DbMigrate -- Successfully applied 2 migrations to schema "public", now at version v2 (execution time 00:00.005s)

  .   ____          _            __ _ _
 /\\ / ___'_ __ _ _(_)_ __  __ _ \ \ \ \
( ( )\___ | '_ | '_| | '_ \/ _` | \ \ \ \
 \\/  ___)| |_)| | | | | || (_| |  ) ) ) )
  '  |____| .__|_| |_|_| |_\__, | / / / /
 =========|_|==============|___/=/_/_/_/
 :: Spring Boot ::                (v3.2.0)

2024-11-23T15:01:42.952+01:00  INFO 17105 --- [           main] c.s.customer.CustomerRepositoryTest      : Starting CustomerRepositoryTest using Java 21.0.1 with PID 17105 (started by aibek_shermatov in /Users/aibek_shermatov/Desktop/Spring-example)
2024-11-23T15:01:42.953+01:00  INFO 17105 --- [           main] c.s.customer.CustomerRepositoryTest      : No active profile set, falling back to 1 default profile: "default"
2024-11-23T15:01:43.113+01:00  INFO 17105 --- [           main] .s.d.r.c.RepositoryConfigurationDelegate : Multiple Spring Data modules found, entering strict repository configuration mode
2024-11-23T15:01:43.114+01:00  INFO 17105 --- [           main] .s.d.r.c.RepositoryConfigurationDelegate : Bootstrapping Spring Data JPA repositories in DEFAULT mode.
2024-11-23T15:01:43.188+01:00  INFO 17105 --- [           main] .s.d.r.c.RepositoryConfigurationDelegate : Finished Spring Data repository scanning in 70 ms. Found 1 JPA repository interface.
2024-11-23T15:01:43.320+01:00  INFO 17105 --- [           main] com.zaxxer.hikari.HikariDataSource       : HikariPool-14 - Starting...
2024-11-23T15:01:43.335+01:00  INFO 17105 --- [           main] com.zaxxer.hikari.pool.HikariPool        : HikariPool-14 - Added connection org.postgresql.jdbc.PgConnection@555b3ec9
2024-11-23T15:01:43.335+01:00  INFO 17105 --- [           main] com.zaxxer.hikari.HikariDataSource       : HikariPool-14 - Start completed.
2024-11-23T15:01:43.347+01:00  INFO 17105 --- [           main] org.flywaydb.core.FlywayExecutor         : Database: jdbc:postgresql://localhost:63163/aibek-dao-unit-test (PostgreSQL 17.0)
2024-11-23T15:01:43.351+01:00  WARN 17105 --- [           main] o.f.c.internal.database.base.Database    : Flyway upgrade recommended: PostgreSQL 17.0 is newer than this version of Flyway and support has not been tested. The latest supported version of PostgreSQL is 15.
2024-11-23T15:01:43.358+01:00  INFO 17105 --- [           main] o.f.core.internal.command.DbValidate     : Successfully validated 2 migrations (execution time 00:00.005s)
2024-11-23T15:01:43.370+01:00  INFO 17105 --- [           main] o.f.core.internal.command.DbMigrate      : Current version of schema "public": 2
2024-11-23T15:01:43.370+01:00  INFO 17105 --- [           main] o.f.core.internal.command.DbMigrate      : Schema "public" is up to date. No migration necessary.
2024-11-23T15:01:43.419+01:00  INFO 17105 --- [           main] o.hibernate.jpa.internal.util.LogHelper  : HHH000204: Processing PersistenceUnitInfo [name: default]
2024-11-23T15:01:43.454+01:00  INFO 17105 --- [           main] org.hibernate.Version                    : HHH000412: Hibernate ORM core version 6.3.1.Final
2024-11-23T15:01:43.474+01:00  INFO 17105 --- [           main] o.h.c.internal.RegionFactoryInitiator    : HHH000026: Second-level cache disabled
2024-11-23T15:01:43.523+01:00  INFO 17105 --- [           main] o.s.o.j.p.SpringPersistenceUnitInfo      : No LoadTimeWeaver setup: ignoring JPA class transformer
2024-11-23T15:01:43.560+01:00  WARN 17105 --- [           main] org.hibernate.orm.deprecation            : HHH90000025: PostgreSQLDialect does not need to be specified explicitly using 'hibernate.dialect' (remove the property setting and it will be selected by default)
2024-11-23T15:01:43.863+01:00  INFO 17105 --- [           main] o.h.e.t.j.p.i.JtaPlatformInitiator       : HHH000489: No JTA platform available (set 'hibernate.transaction.jta.platform' to enable JTA platform integration)
2024-11-23T15:01:43.865+01:00  INFO 17105 --- [           main] j.LocalContainerEntityManagerFactoryBean : Initialized JPA EntityManagerFactory for persistence unit 'default'
2024-11-23T15:01:44.026+01:00  WARN 17105 --- [           main] JpaBaseConfiguration$JpaWebConfiguration : spring.jpa.open-in-view is enabled by default. Therefore, database queries may be performed during view rendering. Explicitly configure spring.jpa.open-in-view to disable this warning
2024-11-23T15:01:44.052+01:00  INFO 17105 --- [           main] c.s.customer.CustomerRepositoryTest      : Started CustomerRepositoryTest in 1.267 seconds (process running for 10.629)
Hibernate: select nextval('customer_id_seq')
Hibernate: insert into customer (age,email,name,id) values (?,?,?,?)
91
Hibernate: select nextval('customer_id_seq')
Hibernate: insert into customer (age,email,name,id) values (?,?,?,?)
Hibernate: select c1_0.id,c1_0.age,c1_0.email,c1_0.name from customer c1_0
Hibernate: select c1_0.id from customer c1_0 where c1_0.age=? fetch first ? rows only
]]></system-out>
  </testcase>
  <testcase name="existsCustomerByEmailFailWhenIdNotPresent" classname="com.shermatov.customer.CustomerRepositoryTest" time="0.004">
    <system-out><![CDATA[91
Hibernate: select c1_0.id from customer c1_0 where c1_0.id=? fetch first ? rows only
]]></system-out>
  </testcase>
  <testcase name="existsCustomerById" classname="com.shermatov.customer.CustomerRepositoryTest" time="0.008">
    <system-out><![CDATA[91
Hibernate: select nextval('customer_id_seq')
Hibernate: insert into customer (age,email,name,id) values (?,?,?,?)
Hibernate: select c1_0.id,c1_0.age,c1_0.email,c1_0.name from customer c1_0
Hibernate: select c1_0.id from customer c1_0 where c1_0.id=? fetch first ? rows only
]]></system-out>
  </testcase>
  <testcase name="existsCustomerByEmail" classname="com.shermatov.customer.CustomerRepositoryTest" time="0.007">
    <system-out><![CDATA[91
Hibernate: select nextval('customer_id_seq')
Hibernate: insert into customer (age,email,name,id) values (?,?,?,?)
Hibernate: select c1_0.id from customer c1_0 where c1_0.email=? fetch first ? rows only
]]></system-out>
  </testcase>
  <testcase name="existsCustomerByEmailFailWhenEmailNotPresent" classname="com.shermatov.customer.CustomerRepositoryTest" time="0.003">
    <system-out><![CDATA[91
Hibernate: select c1_0.id from customer c1_0 where c1_0.email=? fetch first ? rows only
]]></system-out>
  </testcase>
  <testcase name="existsCustomerByEmailFailWhenAgeNotPresent" classname="com.shermatov.customer.CustomerRepositoryTest" time="0.004">
    <system-out><![CDATA[91
Hibernate: select c1_0.id from customer c1_0 where c1_0.age=? fetch first ? rows only
]]></system-out>
  </testcase>
</testsuite>