<?xml version="1.0" encoding="UTF-8"?>
<testsuite xmlns:xsi="http://www.w3.org/2001/XMLSchema-instance" xsi:noNamespaceSchemaLocation="https://maven.apache.org/surefire/maven-surefire-plugin/xsd/surefire-test-report-3.0.xsd" version="3.0" name="com.shermatov.TestContainersTest" time="5.695" tests="1" errors="0" skipped="0" failures="0">
  <properties>
[...]
</properties>
  <testcase name="canStartPostgresDB" classname="com.shermatov.TestContainersTest" time="0.043">
    <system-out><![CDATA[15:01:33.811 [main] INFO org.testcontainers.images.PullPolicy -- Image pull policy will be performed by: DefaultPullPolicy()
15:01:33.816 [main] INFO org.testcontainers.utility.ImageNameSubstitutor -- Image name substitution will be performed by: DefaultImageNameSubstitutor (composite of 'ConfigurationFileImageNameSubstitutor' and 'PrefixingImageNameSubstitutor')
15:01:33.958 [main] INFO org.testcontainers.dockerclient.DockerClientProviderStrategy -- Loaded org.testcontainers.dockerclient.UnixSocketClientProviderStrategy from ~/.testcontainers.properties, will try it first
15:01:34.108 [main] INFO org.testcontainers.dockerclient.DockerClientProviderStrategy -- Found Docker environment with Docker accessed via Unix socket (/Users/aibek_shermatov/.docker/run/docker.sock)
15:01:34.109 [main] INFO org.testcontainers.DockerClientFactory -- Docker host IP address is localhost
15:01:34.121 [main] INFO org.testcontainers.DockerClientFactory -- Connected to docker: 
  Server Version: 27.2.0
  API Version: 1.47
  Operating System: Docker Desktop
  Total Memory: 3920 MB
15:01:34.140 [main] INFO tc.testcontainers/ryuk:0.5.1 -- Pulling docker image: testcontainers/ryuk:0.5.1. Please be patient; this may take some time but only needs to be done once.
15:01:36.228 [docker-java-stream--750744919] INFO tc.testcontainers/ryuk:0.5.1 -- Starting to pull image
15:01:36.248 [docker-java-stream--750744919] INFO tc.testcontainers/ryuk:0.5.1 -- Pulling image layers:  0 pending,  0 downloaded,  0 extracted, (0 bytes/0 bytes)
15:01:37.180 [docker-java-stream--750744919] INFO tc.testcontainers/ryuk:0.5.1 -- Pulling image layers:  2 pending,  1 downloaded,  0 extracted, (278 KB/? MB)
15:01:37.240 [docker-java-stream--750744919] INFO tc.testcontainers/ryuk:0.5.1 -- Pulling image layers:  1 pending,  2 downloaded,  0 extracted, (2 MB/? MB)
15:01:37.255 [docker-java-stream--750744919] INFO tc.testcontainers/ryuk:0.5.1 -- Pulling image layers:  0 pending,  3 downloaded,  0 extracted, (2 MB/5 MB)
15:01:37.349 [docker-java-stream--750744919] INFO tc.testcontainers/ryuk:0.5.1 -- Pulling image layers:  0 pending,  3 downloaded,  1 extracted, (2 MB/5 MB)
15:01:37.396 [docker-java-stream--750744919] INFO tc.testcontainers/ryuk:0.5.1 -- Pulling image layers:  0 pending,  3 downloaded,  2 extracted, (2 MB/5 MB)
15:01:37.451 [docker-java-stream--750744919] INFO tc.testcontainers/ryuk:0.5.1 -- Pulling image layers:  0 pending,  3 downloaded,  3 extracted, (5 MB/5 MB)
15:01:37.462 [main] INFO tc.testcontainers/ryuk:0.5.1 -- Image testcontainers/ryuk:0.5.1 pull took PT3.321765S
15:01:37.462 [docker-java-stream--750744919] INFO tc.testcontainers/ryuk:0.5.1 -- Pull complete. 3 layers, pulled in 1s (downloaded 5 MB at 5 MB/s)
15:01:37.477 [main] INFO tc.testcontainers/ryuk:0.5.1 -- Creating container for image: testcontainers/ryuk:0.5.1
15:01:37.580 [main] INFO tc.testcontainers/ryuk:0.5.1 -- Container testcontainers/ryuk:0.5.1 is starting: 2744e7603ef6b83bf7fad0303109f536ddb353df0e3bc346afdc2477577fa327
15:01:37.906 [main] INFO tc.testcontainers/ryuk:0.5.1 -- Container testcontainers/ryuk:0.5.1 started in PT0.429338S
15:01:37.911 [main] INFO org.testcontainers.utility.RyukResourceReaper -- Ryuk started - will monitor and terminate Testcontainers containers on JVM exit
15:01:37.911 [main] INFO org.testcontainers.DockerClientFactory -- Checking the system...
15:01:37.912 [main] INFO org.testcontainers.DockerClientFactory -- ✔︎ Docker server version should be at least 1.6.0
15:01:37.912 [main] INFO tc.postgres:latest -- Creating container for image: postgres:latest
15:01:37.934 [main] INFO tc.postgres:latest -- Container postgres:latest is starting: 5c9c517694f36f2060eb339cba8bf1f5181343b93620e4b8a650171839e4c4b6
15:01:39.003 [main] INFO tc.postgres:latest -- Container postgres:latest started in PT1.091261S
15:01:39.005 [main] INFO tc.postgres:latest -- Container is started (JDBC URL: jdbc:postgresql://localhost:63044/aibek-dao-unit-test?loggerLevel=OFF)
15:01:39.052 [main] INFO org.flywaydb.core.internal.license.VersionPrinter -- Flyway Community Edition 9.22.3 by Redgate
15:01:39.052 [main] INFO org.flywaydb.core.internal.license.VersionPrinter -- See release notes here: https://rd.gt/416ObMi
15:01:39.052 [main] INFO org.flywaydb.core.internal.license.VersionPrinter -- 
15:01:39.185 [main] INFO org.flywaydb.core.FlywayExecutor -- Database: jdbc:postgresql://localhost:63044/aibek-dao-unit-test (PostgreSQL 17.0)
15:01:39.194 [main] WARN org.flywaydb.core.internal.database.base.Database -- Flyway upgrade recommended: PostgreSQL 17.0 is newer than this version of Flyway and support has not been tested. The latest supported version of PostgreSQL is 15.
15:01:39.208 [main] INFO org.flywaydb.core.internal.schemahistory.JdbcTableSchemaHistory -- Schema history table "public"."flyway_schema_history" does not exist yet
15:01:39.210 [main] INFO org.flywaydb.core.internal.command.DbValidate -- Successfully validated 2 migrations (execution time 00:00.009s)
15:01:39.218 [main] INFO org.flywaydb.core.internal.schemahistory.JdbcTableSchemaHistory -- Creating Schema History table "public"."flyway_schema_history" ...
15:01:39.247 [main] INFO org.flywaydb.core.internal.command.DbMigrate -- Current version of schema "public": << Empty Schema >>
15:01:39.252 [main] INFO org.flywaydb.core.internal.command.DbMigrate -- Migrating schema "public" to version "1 - Initial Setup"
15:01:39.267 [main] INFO org.flywaydb.core.internal.command.DbMigrate -- Migrating schema "public" to version "2 - Add Unique Constraint To Customer Email"
15:01:39.275 [main] INFO org.flywaydb.core.internal.command.DbMigrate -- Successfully applied 2 migrations to schema "public", now at version v2 (execution time 00:00.008s)
]]></system-out>
  </testcase>
</testsuite>